<?xml version="1.0" encoding="UTF-8"?>
<!-- Generated by org.testng.reporters.JUnitReportReporter -->
<testsuite hostname="DESKTOP-0L5D1S3" failures="0" tests="1" name="com.actitime.scripts.VerifyUsersCreation" time="24.784" errors="0" timestamp="2025-02-08T21:11:02 IST" skipped="0">
  <testcase classname="com.actitime.scripts.VerifyUsersCreation" name="verifycreateUser" time="24.784"/>
  <system-out/>
</testsuite> <!-- com.actitime.scripts.VerifyUsersCreation -->
