<?xml version="1.0" encoding="UTF-8"?>
<!-- Generated by org.testng.reporters.JUnitReportReporter -->
<testsuite hostname="DESKTOP-0L5D1S3" failures="0" tests="1" name="com.actitime.scripts.VerifyHomePage" time="13.612" errors="0" timestamp="2025-02-08T21:11:02 IST" skipped="0">
  <testcase classname="com.actitime.scripts.VerifyHomePage" name="verifyHomePage" time="13.612"/>
  <system-out/>
</testsuite> <!-- com.actitime.scripts.VerifyHomePage -->
